
On 08/01/2015 at 20:38:31, Keepbotting dropped 1000000x Coins at (3366, 3265)
On 08/01/2015 at 20:38:31, Keepbotting picked up 1000000x Coins at (3366, 3265)
On 08/03/2015 at 18:47:56, Keepbotting dropped 1001x Coins at (3189, 3435)
On 08/03/2015 at 18:47:57, Keepbotting picked up 1001x Coins at (3189, 3435)
On 08/03/2015 at 18:47:59, Keepbotting dropped 1001x Coins at (3189, 3435)
On 08/03/2015 at 18:48:00, Keepbotting picked up 1001x Coins at (3189, 3435)
On 08/03/2015 at 18:48:02, Keepbotting dropped 1001x Coins at (3189, 3435)
On 08/03/2015 at 18:48:02, Keepbotting picked up 1001x Coins at (3189, 3435)
On 08/03/2015 at 18:48:03, Keepbotting dropped 1001x Coins at (3189, 3435)
On 08/03/2015 at 18:48:04, Keepbotting picked up 1001x Coins at (3189, 3435)
On 08/03/2015 at 22:55:00, Keepbotting2 dropped   10000x Coins at (3210, 3424)
On 08/03/2015 at 22:55:03, Keepbotting2 picked up 10000x Coins at (3210, 3424)
On 08/04/2015 at 16:17:40, Keepbotting dropped   2x Pirate hat and eyepatches at (3210, 3424)
On 08/04/2015 at 16:22:16, Keepbotting dropped   1x Ancient ceremonial mask at (3211, 3417)
On 08/04/2015 at 16:23:16, Keepbotting dropped   1x Eye patch at (3211, 3417)
On 08/04/2015 at 16:28:38, Keepbotting dropped   1x Toktz-xil-ak at (3213, 3377)
On 08/04/2015 at 16:29:09, Keepbotting dropped   1x Toktz-ket-xil at (3094, 3493)
On 08/04/2015 at 17:18:25, Keepbotting dropped   1x Fire rune at (3186, 3435)
On 08/04/2015 at 17:18:32, Keepbotting dropped   1x Amulet of glory at (3185, 3434)
On 08/04/2015 at 17:18:36, Keepbotting picked up 1x Amulet of glory at (3185, 3434)
On 08/04/2015 at 17:18:46, Keepbotting picked up 1x Fire rune at (3186, 3435)
On 08/04/2015 at 17:18:48, Keepbotting dropped   1x Fire rune at (3186, 3435)
On 08/04/2015 at 17:18:49, Keepbotting picked up 1x Fire rune at (3186, 3435)
On 08/04/2015 at 17:46:55, Keepbotting dropped   1x Fire rune at (3210, 3424)
On 08/04/2015 at 17:46:55, Keepbotting picked up 1x Fire rune at (3210, 3424)
On 08/04/2015 at 17:47:09, Keepbotting dropped   1x Fire rune at (3210, 3424)
On 08/04/2015 at 17:53:22, Keepbotting dropped   1x Fire rune at (3087, 3503)
On 08/04/2015 at 17:53:24, Keepbotting picked up 1x Fire rune at (3087, 3503)
On 08/04/2015 at 17:53:34, Keepbotting dropped   1x Fire rune at (3087, 3503)
On 08/04/2015 at 17:53:37, Keepbotting picked up 1x Fire rune at (3087, 3503)
