On 08/02/2015 at 21:20:18, Keepbotting initated a game session.
On 08/02/2015 at 21:20:42, Keepbotting ended their game session (length: 00:00:23).
On 08/02/2015 at 21:34:38, Keepbotting initated a game session.
On 08/02/2015 at 21:35:38, Keepbotting ended their game session (length: 00:00:59).
On 08/02/2015 at 21:35:41, Keepbotting initated a game session.
On 08/02/2015 at 21:48:06, Keepbotting ended their game session (length: 00:12:25).
On 08/03/2015 at 18:41:59, Keepbotting initated a game session.
On 08/03/2015 at 19:10:58, Keepbotting ended their game session (length: 00:28:59).
On 08/03/2015 at 19:11:25, Keepbotting2 initated a game session.
On 08/03/2015 at 19:11:26, Keepbotting initated a game session.
On 08/03/2015 at 19:11:35, Keepbotting2 ended their game session (length: 00:00:10).
On 08/03/2015 at 19:11:42, Keepbotting ended their game session (length: 00:00:16).
On 08/03/2015 at 22:39:48, Keepbotting initated a game session.
On 08/03/2015 at 22:40:01, Keepbotting2 initated a game session.
On 08/03/2015 at 22:49:19, Keepbotting initated a game session.
On 08/03/2015 at 22:49:19, Keepbotting2 initated a game session.
On 08/03/2015 at 22:56:28, Keepbotting ended their game session (length: 00:07:08).
On 08/03/2015 at 22:56:29, Keepbotting2 ended their game session (length: 00:07:10).
On 08/04/2015 at 16:17:19, Keepbotting initated a game session.
On 08/04/2015 at 16:25:47, Keepbotting ended their game session (length: 00:08:27).
On 08/04/2015 at 16:25:48, Keepbotting initated a game session.
On 08/04/2015 at 16:39:18, Keepbotting ended their game session (length: 00:13:30).
On 08/04/2015 at 16:39:20, Keepbotting initated a game session.
On 08/04/2015 at 16:44:11, Keepbotting ended their game session (length: 00:04:51).
On 08/04/2015 at 16:44:32, Keepbotting initated a game session.
On 08/04/2015 at 16:44:55, Keepbotting ended their game session (length: 00:00:22).
On 08/04/2015 at 16:45:10, Keepbotting initated a game session.
On 08/04/2015 at 16:52:16, Keepbotting ended their game session (length: 00:07:06).
On 08/04/2015 at 16:52:35, Keepbotting initated a game session.
On 08/04/2015 at 16:53:13, Keepbotting ended their game session (length: 00:00:37).
On 08/04/2015 at 16:53:27, Keepbotting initated a game session.
On 08/04/2015 at 16:55:27, Keepbotting ended their game session (length: 00:01:59).
On 08/04/2015 at 16:55:51, Keepbotting initated a game session.
On 08/04/2015 at 17:05:35, Keepbotting ended their game session (length: 00:09:43).
On 08/04/2015 at 17:05:41, Keepbotting initated a game session.
On 08/04/2015 at 17:08:53, Keepbotting initated a game session.
On 08/04/2015 at 17:09:43, Keepbotting initated a game session.
On 08/04/2015 at 17:10:18, Keepbotting initated a game session.
On 08/04/2015 at 17:11:44, Keepbotting initated a game session.
On 08/04/2015 at 17:46:05, Keepbotting ended their game session (length: 00:34:21).
On 08/04/2015 at 17:46:19, Keepbotting initated a game session.
On 08/04/2015 at 17:49:31, Keepbotting ended their game session (length: 00:03:11).
On 08/04/2015 at 17:49:47, Keepbotting initated a game session.
On 08/04/2015 at 17:51:25, Keepbotting ended their game session (length: 00:01:38).
On 08/04/2015 at 17:52:01, Keepbotting initated a game session.
On 08/04/2015 at 17:52:19, Keepbotting ended their game session (length: 00:00:17).
On 08/04/2015 at 17:52:33, Keepbotting initated a game session.
On 08/04/2015 at 17:53:27, Keepbotting ended their game session (length: 00:00:53).
On 08/04/2015 at 17:53:28, Keepbotting initated a game session.
On 08/04/2015 at 20:48:53, Keepbotting ended their game session (length: 02:55:24).
On 08/04/2015 at 20:49:07, Keepbotting initated a game session.
On 08/04/2015 at 20:50:03, Keepbotting ended their game session (length: 00:00:55).
On 08/04/2015 at 20:50:16, Keepbotting initated a game session.
On 08/04/2015 at 20:51:18, Keepbotting ended their game session (length: 00:01:02).
On 08/04/2015 at 20:51:31, Keepbotting initated a game session.
On 08/04/2015 at 20:55:09, Keepbotting ended their game session (length: 00:03:37).
On 08/04/2015 at 20:55:21, Keepbotting initated a game session.
On 08/04/2015 at 20:57:39, Keepbotting ended their game session (length: 00:02:18).
On 08/04/2015 at 20:57:56, Keepbotting initated a game session.
On 08/04/2015 at 20:59:19, Keepbotting ended their game session (length: 00:01:22).
On 08/04/2015 at 20:59:32, Keepbotting initated a game session.
On 08/04/2015 at 21:00:11, Keepbotting ended their game session (length: 00:00:39).
On 08/04/2015 at 21:00:28, Keepbotting initated a game session.
On 08/04/2015 at 21:15:34, Keepbotting ended their game session (length: 00:15:06).
On 08/05/2015 at 21:03:02, Shadows initated a game session.
On 08/05/2015 at 21:04:26, ShadowsAlt initated a game session.
On 08/05/2015 at 21:05:12, ShadowsAlt ended their game session (length: 00:00:46).
On 08/05/2015 at 21:05:13, ShadowsAlt ended their game session (length: 00:00:46).
On 08/05/2015 at 21:05:13, Shadows ended their game session (length: 00:02:11).
On 08/08/2015 at 12:22:34, Shadows initated a game session.
On 08/08/2015 at 12:42:55, Shadows initated a game session.
On 08/08/2015 at 12:51:33, Shadows initated a game session.
On 08/08/2015 at 12:56:25, Shadows initated a game session.
On 08/08/2015 at 13:03:17, Shadows initated a game session.
On 08/08/2015 at 13:03:35, Shadows ended their game session (length: 00:00:17).
On 08/08/2015 at 13:03:37, Shadows initated a game session.
On 08/08/2015 at 13:04:07, Shadows ended their game session (length: 00:00:30).
On 08/08/2015 at 13:04:09, Shadows initated a game session.
On 08/08/2015 at 13:05:44, Shadows initated a game session.
On 08/08/2015 at 13:06:58, Shadows initated a game session.
On 08/12/2015 at 17:22:39, Keepbotting initated a game session.
On 08/12/2015 at 17:25:58, Keepbotting initated a game session.
On 08/12/2015 at 17:27:56, Keepbotting initated a game session.
On 08/12/2015 at 22:48:24, Incendius initated a game session.
On 08/12/2015 at 22:48:41, Incendius ended their game session (length: 00:00:16).
On 08/12/2015 at 22:48:50, Keepbotting initated a game session.
On 08/12/2015 at 22:52:04, Keepbotting initated a game session.
On 08/12/2015 at 22:52:38, Keepbotting initated a game session.
On 08/12/2015 at 23:04:02, Keepbotting initated a game session.
On 08/12/2015 at 23:04:02, Keepbotting initated a game session.
On 08/12/2015 at 23:04:03, Keepbotting initated a game session.
On 08/12/2015 at 23:04:04, Keepbotting initated a game session.
On 08/12/2015 at 23:04:04, Keepbotting initated a game session.
On 08/12/2015 at 23:04:05, Keepbotting initated a game session.
On 08/12/2015 at 23:04:05, Keepbotting initated a game session.
On 08/12/2015 at 23:04:06, Keepbotting initated a game session.
On 08/12/2015 at 23:04:06, Keepbotting initated a game session.
On 08/12/2015 at 23:04:07, Keepbotting initated a game session.
On 08/12/2015 at 23:04:08, Keepbotting initated a game session.
On 08/12/2015 at 23:04:08, Keepbotting initated a game session.
On 08/12/2015 at 23:04:09, Keepbotting initated a game session.
On 08/12/2015 at 23:04:09, Keepbotting initated a game session.
On 08/12/2015 at 23:04:10, Keepbotting initated a game session.
On 08/12/2015 at 23:04:11, Keepbotting initated a game session.
On 08/12/2015 at 23:04:11, Keepbotting initated a game session.
On 08/12/2015 at 23:04:12, Keepbotting initated a game session.
On 08/12/2015 at 23:04:12, Keepbotting initated a game session.
On 08/12/2015 at 23:04:13, Keepbotting initated a game session.
On 08/12/2015 at 23:04:14, Keepbotting initated a game session.
On 08/12/2015 at 23:04:14, Keepbotting initated a game session.
On 08/12/2015 at 23:04:15, Keepbotting initated a game session.
On 08/12/2015 at 23:04:15, Keepbotting initated a game session.
On 08/12/2015 at 23:04:16, Keepbotting initated a game session.
On 08/12/2015 at 23:04:17, Keepbotting initated a game session.
On 08/12/2015 at 23:04:17, Keepbotting initated a game session.
On 08/12/2015 at 23:04:18, Keepbotting initated a game session.
On 08/12/2015 at 23:04:18, Keepbotting initated a game session.
On 08/12/2015 at 23:04:19, Keepbotting initated a game session.
On 08/12/2015 at 23:04:20, Keepbotting initated a game session.
On 08/12/2015 at 23:04:20, Keepbotting initated a game session.
On 08/12/2015 at 23:04:21, Keepbotting initated a game session.
On 08/12/2015 at 23:04:21, Keepbotting initated a game session.
On 08/12/2015 at 23:04:22, Keepbotting initated a game session.
On 08/12/2015 at 23:04:23, Keepbotting initated a game session.
On 08/12/2015 at 23:04:23, Keepbotting initated a game session.
On 08/12/2015 at 23:04:24, Keepbotting initated a game session.
On 08/12/2015 at 23:04:24, Keepbotting initated a game session.
On 08/12/2015 at 23:04:25, Keepbotting initated a game session.
On 08/12/2015 at 23:04:26, Keepbotting initated a game session.
On 08/12/2015 at 23:04:26, Keepbotting initated a game session.
On 08/12/2015 at 23:04:27, Keepbotting initated a game session.
On 08/12/2015 at 23:04:28, Keepbotting initated a game session.
On 08/12/2015 at 23:04:28, Keepbotting initated a game session.
On 08/12/2015 at 23:04:29, Keepbotting initated a game session.
On 08/12/2015 at 23:04:29, Keepbotting initated a game session.
On 08/12/2015 at 23:04:30, Keepbotting initated a game session.
On 08/12/2015 at 23:04:30, Keepbotting initated a game session.
On 08/12/2015 at 23:04:31, Keepbotting initated a game session.
On 08/12/2015 at 23:04:32, Keepbotting initated a game session.
On 08/12/2015 at 23:04:32, Keepbotting initated a game session.
On 08/12/2015 at 23:04:33, Keepbotting initated a game session.
On 08/12/2015 at 23:04:33, Keepbotting initated a game session.
On 08/12/2015 at 23:04:34, Keepbotting initated a game session.
On 08/12/2015 at 23:04:35, Keepbotting initated a game session.
On 08/12/2015 at 23:04:35, Keepbotting initated a game session.
On 08/12/2015 at 23:04:36, Keepbotting initated a game session.
On 08/12/2015 at 23:04:36, Keepbotting initated a game session.
On 08/12/2015 at 23:04:37, Keepbotting initated a game session.
On 08/12/2015 at 23:04:38, Keepbotting initated a game session.
On 08/12/2015 at 23:04:38, Keepbotting initated a game session.
On 08/12/2015 at 23:04:39, Keepbotting initated a game session.
On 08/12/2015 at 23:04:39, Keepbotting initated a game session.
On 08/12/2015 at 23:04:40, Keepbotting initated a game session.
On 08/12/2015 at 23:04:41, Keepbotting initated a game session.
On 08/12/2015 at 23:04:41, Keepbotting initated a game session.
On 08/12/2015 at 23:04:42, Keepbotting initated a game session.
On 08/12/2015 at 23:04:42, Keepbotting initated a game session.
On 08/12/2015 at 23:04:43, Keepbotting initated a game session.
On 08/12/2015 at 23:04:44, Keepbotting initated a game session.
On 08/12/2015 at 23:04:44, Keepbotting initated a game session.
On 08/12/2015 at 23:04:45, Keepbotting initated a game session.
On 08/12/2015 at 23:04:45, Keepbotting initated a game session.
On 08/12/2015 at 23:04:46, Keepbotting initated a game session.
On 08/12/2015 at 23:04:47, Keepbotting initated a game session.
On 08/12/2015 at 23:04:47, Keepbotting initated a game session.
On 08/12/2015 at 23:04:48, Keepbotting initated a game session.
On 08/12/2015 at 23:04:48, Keepbotting initated a game session.
On 08/12/2015 at 23:04:49, Keepbotting initated a game session.
On 08/12/2015 at 23:04:50, Keepbotting initated a game session.
On 08/12/2015 at 23:04:50, Keepbotting initated a game session.
On 08/12/2015 at 23:04:51, Keepbotting initated a game session.
On 08/12/2015 at 23:04:51, Keepbotting initated a game session.
On 08/12/2015 at 23:04:52, Keepbotting initated a game session.
On 08/12/2015 at 23:04:53, Keepbotting initated a game session.
On 08/12/2015 at 23:04:53, Keepbotting initated a game session.
On 08/12/2015 at 23:04:54, Keepbotting initated a game session.
On 08/12/2015 at 23:04:54, Keepbotting initated a game session.
On 08/12/2015 at 23:04:55, Keepbotting initated a game session.
On 08/12/2015 at 23:04:56, Keepbotting initated a game session.
On 08/12/2015 at 23:04:56, Keepbotting initated a game session.
On 08/12/2015 at 23:04:57, Keepbotting initated a game session.
On 08/12/2015 at 23:04:57, Keepbotting initated a game session.
On 08/12/2015 at 23:04:58, Keepbotting initated a game session.
On 08/12/2015 at 23:04:59, Keepbotting initated a game session.
On 08/12/2015 at 23:05:19, Keepbotting initated a game session.
On 08/12/2015 at 23:06:02, Keepbotting initated a game session.
On 08/12/2015 at 23:22:49, Keepbotting initated a game session.
On 08/12/2015 at 23:22:59, Keepbotting2 initated a game session.
On 08/12/2015 at 23:23:38, Keepbotting2 ended their game session (length: 00:00:38).
On 08/12/2015 at 23:23:49, das it mane initated a game session.
On 08/12/2015 at 23:26:19, das it mane initated a game session.
On 08/12/2015 at 23:26:20, Keepbotting initated a game session.
On 08/12/2015 at 23:30:14, das it mane initated a game session.
On 08/12/2015 at 23:30:14, Keepbotting initated a game session.
On 08/12/2015 at 23:30:30, das it mane ended their game session (length: 00:00:16).
On 08/12/2015 at 23:30:32, das it mane initated a game session.
On 08/12/2015 at 23:30:46, das it mane ended their game session (length: 00:00:13).
On 08/12/2015 at 23:30:53, das it mane initated a game session.
On 08/12/2015 at 23:35:22, Keepbotting ended their game session (length: 00:05:08).
On 08/12/2015 at 23:35:22, das it mane ended their game session (length: 00:04:28).
On 08/13/2015 at 16:09:40, Keepbotting initated a game session.
On 08/13/2015 at 17:54:28, Keepbotting initated a game session.
On 08/13/2015 at 17:57:03, Keepbotting ended their game session (length: 00:02:35).
On 08/13/2015 at 17:57:05, Keepbotting initated a game session.
On 08/18/2015 at 17:11:01, Keepbotting initated a game session.
On 08/18/2015 at 17:11:07, das it mane initated a game session.
On 08/18/2015 at 17:14:14, Keepbotting initated a game session.
On 08/18/2015 at 17:14:15, das it mane initated a game session.
On 08/18/2015 at 17:16:58, Keepbotting initated a game session.
On 08/18/2015 at 17:16:58, das it mane initated a game session.
On 08/18/2015 at 17:18:42, Keepbotting initated a game session.
On 08/18/2015 at 17:18:42, das it mane initated a game session.
On 08/18/2015 at 17:20:41, Keepbotting initated a game session.
On 08/18/2015 at 17:20:41, das it mane initated a game session.
On 08/18/2015 at 17:21:20, das it mane ended their game session (length: 00:00:38).
On 08/18/2015 at 17:21:23, das it mane initated a game session.
On 08/18/2015 at 17:21:47, das it mane ended their game session (length: 00:00:24).
On 08/18/2015 at 17:21:59, das it mane initated a game session.
On 08/18/2015 at 17:24:11, Keepbotting initated a game session.
On 08/18/2015 at 17:24:11, das it mane initated a game session.
On 08/18/2015 at 17:24:21, das it mane ended their game session (length: 00:00:09).
On 08/18/2015 at 17:24:23, das it mane initated a game session.
On 08/18/2015 at 17:24:41, das it mane ended their game session (length: 00:00:17).
On 08/18/2015 at 17:24:43, das it mane initated a game session.
On 08/18/2015 at 17:24:49, das it mane ended their game session (length: 00:00:05).
On 08/18/2015 at 17:24:51, das it mane initated a game session.
On 08/18/2015 at 17:37:35, Keepbotting initated a game session.
On 08/18/2015 at 17:37:35, das it mane initated a game session.
On 08/18/2015 at 17:41:04, Keepbotting initated a game session.
On 08/18/2015 at 17:41:04, das it mane initated a game session.
On 08/18/2015 at 17:41:58, Keepbotting initated a game session.
On 08/18/2015 at 17:41:58, das it mane initated a game session.
On 08/18/2015 at 17:55:21, Keepbotting initated a game session.
On 08/18/2015 at 17:55:21, das it mane initated a game session.
On 08/18/2015 at 17:55:27, Keepbotting ended their game session (length: 00:00:05).
On 08/18/2015 at 17:55:28, das it mane ended their game session (length: 00:00:07).
On 08/18/2015 at 17:55:30, Keepbotting initated a game session.
On 08/18/2015 at 17:55:30, das it mane initated a game session.
On 08/18/2015 at 17:55:41, das it mane ended their game session (length: 00:00:10).
On 08/18/2015 at 17:55:43, das it mane initated a game session.
On 08/18/2015 at 18:16:11, das it mane ended their game session (length: 00:09:32).
On 08/18/2015 at 18:16:11, Keepbotting ended their game session (length: 00:20:40).
On 08/18/2015 at 22:06:37, Keepbotting initated a game session.
On 08/18/2015 at 22:06:42, das it mane initated a game session.
On 08/18/2015 at 23:03:00, Keepbotting ended their game session (length: 00:56:22).
On 08/18/2015 at 23:03:00, das it mane ended their game session (length: 00:56:17).
On 08/19/2015 at 08:14:07, Keepbotting initated a game session.
On 08/19/2015 at 08:14:12, das it mane initated a game session.
On 08/19/2015 at 08:17:00, das it mane initated a game session.
On 08/19/2015 at 08:17:00, Keepbotting initated a game session.
On 08/19/2015 at 08:23:50, Keepbotting initated a game session.
On 08/19/2015 at 08:23:50, das it mane initated a game session.
On 08/19/2015 at 16:43:41, das it mane ended their game session (length: 08:19:50).
On 08/19/2015 at 16:43:41, Keepbotting ended their game session (length: 08:19:50).
On 08/19/2015 at 19:54:10, das it mane initated a game session.
On 08/19/2015 at 19:54:15, Keepbotting initated a game session.
On 08/19/2015 at 21:57:11, das it mane initated a game session.
On 08/19/2015 at 22:00:26, Keepbotting ended their game session (length: 400010:00:26).
On 08/19/2015 at 22:01:54, Keepbotting ended their game session (length: 400010:01:54).
On 08/19/2015 at 22:04:44, Keepbotting ended their game session (length: 400010:04:44).
On 08/19/2015 at 22:04:45, Keepbotting3 ended their game session (length: 400010:04:45).
On 08/19/2015 at 22:06:40, Keepbotting ended their game session (length: 400010:06:40).
On 08/19/2015 at 22:06:43, Keepbotting3 ended their game session (length: 400010:06:43).
On 08/19/2015 at 22:06:54, Keepbotting456 ended their game session (length: 400010:06:54).
On 08/19/2015 at 22:08:26, Keepbotting ended their game session (length: 400010:08:26).
On 08/19/2015 at 22:08:28, Keepbotting456 ended their game session (length: 400010:08:28).
On 08/19/2015 at 22:33:45, Keepbotting456 ended their game session (length: 400010:33:45).
On 08/19/2015 at 22:41:05, Keepbotting ended their game session (length: 400010:41:05).
On 08/20/2015 at 20:27:55, Keepbotting initated a game session.
On 08/20/2015 at 21:06:18, Xkeepbotting initated a game session.
On 08/20/2015 at 21:07:29, Keepbotting initated a game session.
On 08/20/2015 at 21:08:26, Xkeepbotting ended their game session (length: 400033:08:26).
On 08/20/2015 at 21:15:08, Keepbotting initated a game session.
On 08/20/2015 at 21:15:28, Keepbotting ended their game session (length: 00:00:20).
On 08/20/2015 at 21:15:31, Keepbottingx initated a game session.
On 08/20/2015 at 21:15:35, Keepbottingx ended their game session (length: 00:00:03).
On 08/20/2015 at 21:15:59, Xxkeep initated a game session.
On 08/20/2015 at 21:16:03, Xxkeep ended their game session (length: 00:00:03).
On 08/20/2015 at 21:16:05, Xkeepbotting ended their game session (length: 400033:16:05).
On 08/20/2015 at 21:16:41, Xxkeepbotting ended their game session (length: 400033:16:41).
On 08/20/2015 at 21:16:52, Xxkeepbotting ended their game session (length: 400033:16:52).
On 08/20/2015 at 21:17:04, Xkeepbotting ended their game session (length: 400033:17:04).
On 08/20/2015 at 22:06:53, Keepbotting initated a game session.
On 08/20/2015 at 22:07:19, Xkeepbotting initated a game session.
On 08/20/2015 at 22:07:47, Xkeepbotting ended their game session (length: 400034:07:47).
On 08/20/2015 at 22:10:51, Xkeepbotting ended their game session (length: 00:03:31).
On 08/20/2015 at 22:10:51, Keepbotting ended their game session (length: 00:03:57).
